Task Name: Mapping4
Agent Group Id: 025000000000002
Agent Group Name: Informatica Cloud Hosted Agent
Agent Id: 00800000000002R
12/30/2022 07:07:03 **** Importing Connection: Conn_011UWU0B000000000002 ...
12/30/2022 07:07:03 **** Importing Source Definition: Cars ...
12/30/2022 07:07:03 **** Importing Target Definition: Cars ...
12/30/2022 07:07:03 **** Importing SessionConfig: default_session_config ...
    <Warning> :  The Error Log DB Connection value should have Relational: as the prefix.
    <Warning> :  Invalid value  for attribute Error Log DB Connection. Will use the default value 
    Validating Source Definition  Cars...
    Validating Target Definition  Cars...
12/30/2022 07:07:03 **** Importing Mapping: Mapping0 ...
    <Warning> :  transformation: Source - Invalid value  for attribute Output is repeatable. Will use the default value Never    [transformation< Source > ] 
Validating transformations of mapping Mapping0...
Validating mapping variable(s).
12/30/2022 07:07:03 **** Importing Workflow: wf_mtt_011UWU0Z000000000004 ...
    <Warning> :  Invalid value None for attribute Pushdown Optimization Context. Will use the default value None     [Session< s_mtt_011UWU0Z000000000004 > ] 
    <Warning> :  The value entered is not a valid integer.
    <Warning> :  Invalid value NO for attribute Fail task after wait time. Will use the default value 
Successfully extracted session instance [s_mtt_011UWU0Z000000000004].  Starting repository sequence id is [1111368785]
DIRECTOR> VAR_27085 [2022-12-30 07:07:03.566] Parameter file [/data2/home/cldagnt/SystemAgent/apps/Data_Integration_Server/data/011UWU0E00000000005N/011UWU/parameters/s_mtt_011UWU0Z000000000004.param] is opened for [session [wf_mtt_011UWU0Z000000000004.s_mtt_011UWU0Z000000000004]].
DIRECTOR> VAR_27062 [2022-12-30 07:07:03.566] Warning! Cannot find section for worklet [wf_mtt_011UWU0Z000000000004] and folder [] in parameter file [/data2/home/cldagnt/SystemAgent/apps/Data_Integration_Server/data/011UWU0E00000000005N/011UWU/parameters/s_mtt_011UWU0Z000000000004.param].
DIRECTOR> TM_6014 [2022-12-30 07:07:03.566] Initializing session [s_mtt_011UWU0Z000000000004] at [Fri Dec 30 07:07:03 2022].
DIRECTOR> TM_6683 [2022-12-30 07:07:03.566] Repository Name: [XMLRepository]
DIRECTOR> TM_6684 [2022-12-30 07:07:03.566] Server Name: [rDTM]
DIRECTOR> TM_6686 [2022-12-30 07:07:03.566] Folder: []
DIRECTOR> TM_6685 [2022-12-30 07:07:03.566] Workflow: [wf_mtt_011UWU0Z000000000004] Run Instance Name: [] Run Id: [0]
DIRECTOR> TM_6992 [2022-12-30 07:07:03.566] Opearting System Type [Linux]
DIRECTOR> TM_6101 [2022-12-30 07:07:03.566] Mapping name: Mapping0.
DIRECTOR> TM_6964 [2022-12-30 07:07:03.566] Date format for the Session is [MM/DD/YYYY HH24:MI:SS.US]
DIRECTOR> TM_6703 [2022-12-30 07:07:03.567] Session [s_mtt_011UWU0Z000000000004] is run by 64-bit Integration Service  [], version [10.2.0 HotFix2], build [0320].
MANAGER> PETL_24091 [2022-12-30 07:07:03.578] Thread [MANAGER] has the ID [1].
MANAGER> PETL_24058 [2022-12-30 07:07:03.578] Running Partition Group [1].
MANAGER> PETL_24000 [2022-12-30 07:07:03.578] Parallel Pipeline Engine initializing.
MONITOR> PETL_24091 [2022-12-30 07:07:03.578] Thread [MONITOR] has the ID [2].
MANAGER> PETL_24001 [2022-12-30 07:07:03.578] Parallel Pipeline Engine running.
MANAGER> PETL_24003 [2022-12-30 07:07:03.579] Initializing session run.
MAPPING> PETL_24091 [2022-12-30 07:07:03.579] Thread [MAPPING] has the ID [3].
MAPPING> CMN_1569 [2022-12-30 07:07:03.581] Server Mode: [UNICODE]
MAPPING> CMN_1570 [2022-12-30 07:07:03.581] Server Code page: [ISO 8859-1 Western European]
MAPPING> TM_6151 [2022-12-30 07:07:03.581] The session sort order is [Binary].
MAPPING> TM_6185 [2022-12-30 07:07:03.581] Warning. Code page validation is disabled in this session.
MAPPING> CMN_65109 [2022-12-30 07:07:03.581] Current Timezone:[UTC +0:0]
MAPPING> CMN_65111 [2022-12-30 07:07:03.581] Current Process ID:[25702]
MAPPING> TM_6155 [2022-12-30 07:07:03.581] Using HIGH precision processing.
MAPPING> TM_6180 [2022-12-30 07:07:03.581] Deadlock retry logic will not be implemented.
MAPPING> TM_6187 [2022-12-30 07:07:03.581] Session target-based commit interval is [10000].
MAPPING> TM_6307 [2022-12-30 07:07:03.581] DTM error log disabled. 
MAPPING> TE_7022 [2022-12-30 07:07:03.581] TShmWriter: Initialized
MAPPING> DBG_21694 [2022-12-30 07:07:03.583] Aggregator Partition [0]: Index cache size = [1000000], Data cache size = [2000000]
MAPPING> TE_7212 [2022-12-30 07:07:03.583] Increasing [Index Cache] size for transformation [Aggregator] from [1000000] to [1049760].
MAPPING> TE_7212 [2022-12-30 07:07:03.583] Increasing [Data Cache] size for transformation [Aggregator] from [2000000] to [2097744].
MAPPING> TE_7029 [2022-12-30 07:07:03.583] Aggregate Information: Creating New Index and Data Files
MAPPING> TE_7034 [2022-12-30 07:07:03.583] Aggregate Information: Index file is [/data2/home/cldagnt/SystemAgent/apps/Data_Integration_Server/data/011UWU0E00000000005N/011UWU/cache/PMAGG1111368815_4_0.idx]
MAPPING> TE_7035 [2022-12-30 07:07:03.583] Aggregate Information: Data file is [/data2/home/cldagnt/SystemAgent/apps/Data_Integration_Server/data/011UWU0E00000000005N/011UWU/cache/PMAGG1111368815_4_0.dat]
MAPPING> TM_6007 [2022-12-30 07:07:03.583] DTM initialized successfully for session [s_mtt_011UWU0Z000000000004]
DIRECTOR> PETL_24033 [2022-12-30 07:07:03.598] All DTM Connection Info: [<NONE>].
MANAGER> PETL_24004 [2022-12-30 07:07:03.599] Starting pre-session tasks. : (Fri Dec 30 07:07:03 2022)
PRE-SESS> PETL_24091 [2022-12-30 07:07:03.599] Thread [PRE-SESS] has the ID [4].
MANAGER> PETL_24027 [2022-12-30 07:07:03.600] Pre-session task completed successfully. : (Fri Dec 30 07:07:03 2022)
DIRECTOR> PETL_24006 [2022-12-30 07:07:03.600] Starting data movement.
MAPPING> TM_6660 [2022-12-30 07:07:03.600] Total Buffer Pool size is 7954240 bytes and Block size is 439680 bytes.
READER_1_1_1> PETL_24091 [2022-12-30 07:07:03.601] Thread [READER_1_1_1] has the ID [5].
READER_1_1_1> DBG_21438 [2022-12-30 07:07:03.601] Reader: Source is [odbc://dbtype=MySQL;host=db4free.net;port=3306;database=fstm4db], Type [ODBC], User [fstm4db]
READER_1_1_1> BLKR_16051 [2022-12-30 07:07:03.603] Source database connection [Conn_011UWU0B000000000002] code page: [UTF-8 encoding of Unicode]
READER_1_1_1> CMN_1021 [2022-12-30 07:07:03.603] Database driver event...
CMN_1021 [Driver Manager used is [UnixODBC 2.3.4].]

READER_1_1_1> CMN_1021 [2022-12-30 07:07:06.322] Database driver event...
CMN_1021 [ODBC Event Using array fetches.
ODBC Event Using Single Row Inserts. connect string = [Driver=MySQL ODBC 8.0 Unicode Driver;Server=db4free.net;Database=fstm4db;Port=3306;USER=fstm4db;NO_SSPS=1;stmt=set time_zone = '+00:00';Charset=UTF8;OPTION=3;SSLMODE=DISABLED]. userid = [fstm4db]
ODBC Version:	03.52
.
DBMS Name:	MySQL
.
DBMS Version:	8.0.31
.
Driver Name:	libmyodbc8w.so
.
Driver Version:	08.00.0012
.
Driver ODBC Version:	03.80
.
MySQL rewrite batch optimization is disabled with maximum bind parameter size set to 2500.]

READER_1_1_1> BLKR_16003 [2022-12-30 07:07:06.322] Initialization completed successfully.
TRANSF_1_1_1> PETL_24091 [2022-12-30 07:07:06.322] Thread [TRANSF_1_1_1] has the ID [6].
WRITER_1_*_1> PETL_24091 [2022-12-30 07:07:06.322] Thread [WRITER_1_*_1] has the ID [7].
WRITER_1_*_1> WRT_8147 [2022-12-30 07:07:06.323] Writer: Target is Database [odbc://dbtype=MySQL;host=db4free.net;port=3306;database=fstm4db], Type [ODBC], User [fstm4db], Bulk Mode [OFF]
WRITER_1_*_1> CMN_1021 [2022-12-30 07:07:06.323] Database driver event...
CMN_1021 [Driver Manager used is [UnixODBC 2.3.4].]

WRITER_1_*_1> CMN_1021 [2022-12-30 07:07:09.225] Database driver event...
CMN_1021 [ODBC Event Using array fetches.
ODBC Event Using Single Row Inserts. connect string = [Driver=MySQL ODBC 8.0 Unicode Driver;Server=db4free.net;Database=fstm4db;Port=3306;USER=fstm4db;NO_SSPS=1;stmt=set time_zone = '+00:00';Charset=UTF8;OPTION=3;SSLMODE=DISABLED]. userid = [fstm4db]
ODBC Version:	03.52
.
DBMS Name:	MySQL
.
DBMS Version:	8.0.31
.
Driver Name:	libmyodbc8w.so
.
Driver Version:	08.00.0012
.
Driver ODBC Version:	03.80
.
MySQL rewrite batch optimization is disabled with maximum bind parameter size set to 2500.]

WRITER_1_*_1> WRT_8221 [2022-12-30 07:07:09.799] Target database connection [Conn_011UWU0B000000000002] code page: [UTF-8 encoding of Unicode]
WRITER_1_*_1> WRT_8124 [2022-12-30 07:07:09.800] Target Table Cars :SQL INSERT statement:
INSERT INTO fstm4db.Cars(Car_ID,Car_Name,Car_Country,Car_Price)  VALUES ( ?, ?, ?, ?) 
WRITER_1_*_1> WRT_8124 [2022-12-30 07:07:09.800] Target Table Cars :SQL UPDATE statement:
UPDATE fstm4db.Cars SET Car_Country = ? WHERE Car_ID = ? AND Car_Name = ? AND Car_Price = ?
WRITER_1_*_1> WRT_8124 [2022-12-30 07:07:09.800] Target Table Cars :SQL DELETE statement:
DELETE FROM fstm4db.Cars WHERE Car_ID = ? AND Car_Name = ? AND Car_Price = ?
WRITER_1_*_1> WRT_8270 [2022-12-30 07:07:09.800] Target connection group #1 consists of target(s) [Cars]
WRITER_1_*_1> WRT_8003 [2022-12-30 07:07:09.800] Writer initialization complete.
READER_1_1_1> BLKR_16007 [2022-12-30 07:07:09.800] Reader run started.
WRITER_1_*_1> WRT_8005 [2022-12-30 07:07:09.800] Writer run started.
WRITER_1_*_1> WRT_8158 [2022-12-30 07:07:09.800] 

*****START LOAD SESSION*****

Load Start Time: Fri Dec 30 07:07:09 2022

Target tables:

     Cars


READER_1_1_1> RR_4010 [2022-12-30 07:07:09.801] SQ instance [Source] SQL Query [SELECT fstm4db.Cars.Car_ID, fstm4db.Cars.Car_Name, fstm4db.Cars.Car_Country, fstm4db.Cars.Car_Price FROM fstm4db.Cars]
READER_1_1_1> RR_4049 [2022-12-30 07:07:09.801] SQL Query issued to database : (Fri Dec 30 07:07:09 2022)
READER_1_1_1> RR_4050 [2022-12-30 07:07:10.517] First row returned from database to reader : (Fri Dec 30 07:07:10 2022)
READER_1_1_1> BLKR_16019 [2022-12-30 07:07:10.517] Read [100] rows, read [0] error rows for source table [Cars] instance name [Cars]
READER_1_1_1> BLKR_16008 [2022-12-30 07:07:10.517] Reader run completed.
TRANSF_1_1_1> TE_7032 [2022-12-30 07:07:10.521] The B-Tree being managed in files
/data2/home/cldagnt/SystemAgent/apps/Data_Integration_Server/data/011UWU0E00000000005N/011UWU/cache/PMAGG1111368815_4_0.dat for Data and

/data2/home/cldagnt/SystemAgent/apps/Data_Integration_Server/data/011UWU0E00000000005N/011UWU/cache/PMAGG1111368815_4_0.idx for Index has:
	Index Size:	1
	Row Size:	2184
	Order:		100
	Minimum Order:	50
	Height:		1
	Entries:	1
	IndexPageSize:	1296
	IndexPages:	810
	DataPageSize:	2192
	DataPages:	957

WRITER_1_*_1> WRT_8167 [2022-12-30 07:07:10.521] Start loading table [Cars] at: Fri Dec 30 07:07:09 2022
TRANSF_1_1_1> DBG_21216 [2022-12-30 07:07:10.521] Finished transformations for Source Qualifier [Source]. Total errors [0] 
WRITER_1_*_1> WRT_8168 [2022-12-30 07:07:10.808] End loading table [Cars] at: Fri Dec 30 07:07:10 2022
WRITER_1_*_1> WRT_8141 [2022-12-30 07:07:11.104] 
Commit on end-of-data  Fri Dec 30 07:07:10 2022
===================================================

WRT_8036 Target: Cars (Instance Name: [Cars])
WRT_8041 Updated rows  - Requested: 1          Applied: 1          Rejected: 0          Affected: 1         

WRITER_1_*_1> WRT_8035 [2022-12-30 07:07:11.104] Load complete time: Fri Dec 30 07:07:10 2022

LOAD SUMMARY
============

WRT_8036 Target: Cars (Instance Name: [Cars])
WRT_8041 Updated rows  - Requested: 1          Applied: 1          Rejected: 0          Affected: 1         


WRITER_1_*_1> WRT_8043 [2022-12-30 07:07:11.104] *****END LOAD SESSION*****
WRITER_1_*_1> WRT_8006 [2022-12-30 07:07:11.393] Writer run completed.
MANAGER> PETL_24031 [2022-12-30 07:07:11.394] 
***** RUN INFO FOR TGT LOAD ORDER GROUP [1], CONCURRENT SET [1] *****
Thread [READER_1_1_1] created for [the read stage] of partition point [Source] has completed.
	Total Run Time = [1.303114] secs
	Total Idle Time = [0.000000] secs
	Busy Percentage = [100.000000]
Thread [TRANSF_1_1_1] created for [the transformation stage] of partition point [Source] has completed. The total run time was insufficient for any meaningful statistics.
Thread [WRITER_1_*_1] created for [the write stage] of partition point [Cars] has completed.
	Total Run Time = [0.872250] secs
	Total Idle Time = [0.000000] secs
	Busy Percentage = [100.000000]

MAPPING> CMN_1791 [2022-12-30 07:07:11.394] The index cache size that would hold [1] aggregate groups of input rows for [Aggregator], in memory, is [1296] bytes
MAPPING> CMN_1790 [2022-12-30 07:07:11.394] The data cache size that would hold [1] aggregate groups of input rows for [Aggregator], in memory, is [2192] bytes
MANAGER> PETL_24005 [2022-12-30 07:07:11.394] Starting post-session tasks. : (Fri Dec 30 07:07:11 2022)
POST-SESS> PETL_24091 [2022-12-30 07:07:11.395] Thread [POST-SESS] has the ID [8].
MANAGER> PETL_24029 [2022-12-30 07:07:11.395] Post-session task completed successfully. : (Fri Dec 30 07:07:11 2022)
MAPPING> TM_6018 [2022-12-30 07:07:11.395] The session completed with [0] row transformation errors. 
MANAGER> TE_7216 [2022-12-30 07:07:11.395] Deleting cache files [/data2/home/cldagnt/SystemAgent/apps/Data_Integration_Server/data/011UWU0E00000000005N/011UWU/cache/PMAGG1111368815_4_0.idx] for transformation [Aggregator].
MANAGER> TE_7216 [2022-12-30 07:07:11.395] Deleting cache files [/data2/home/cldagnt/SystemAgent/apps/Data_Integration_Server/data/011UWU0E00000000005N/011UWU/cache/PMAGG1111368815_4_0.dat] for transformation [Aggregator].
MANAGER> PETL_24002 [2022-12-30 07:07:11.658] Parallel Pipeline Engine finished.
DIRECTOR> PETL_24012 [2022-12-30 07:07:11.658] Session run completed successfully.
DIRECTOR> TM_6022 [2022-12-30 07:07:11.658] 

SESSION LOAD SUMMARY
================================================

DIRECTOR> TM_6252 [2022-12-30 07:07:11.658] Source Load Summary.
DIRECTOR> CMN_1740 [2022-12-30 07:07:11.658] Table: [Source] (Instance Name: [Source] Instance UI Name: [Source])
	 Output Rows [100], Affected Rows [100], Applied Rows [100], Rejected Rows [0]
DIRECTOR> TM_6253 [2022-12-30 07:07:11.658] Target Load Summary.
DIRECTOR> CMN_1740 [2022-12-30 07:07:11.658] Table: [Cars] (Instance Name: [Cars] Instance UI Name: [Target])
	 Output Rows [1], Affected Rows [1], Applied Rows [1], Rejected Rows [0]
DIRECTOR> TM_6023 [2022-12-30 07:07:11.658] 
===================================================

DIRECTOR> TM_6020 [2022-12-30 07:07:11.658] Session [s_mtt_011UWU0Z000000000004] completed at [Fri Dec 30 07:07:11 2022].
